<?xml version="1.0" encoding="UTF-8"?>
<!-- Generated by org.testng.reporters.JUnitReportReporter -->
<testsuite skipped="0" hostname="SwarnenduMuk-PC" name="level2.resizeTextArea" tests="1" failures="0" timestamp="29 Mar 2018 14:27:37 GMT" time="9.596" errors="0">
  <testcase name="testResizeTextAreajs" time="9.596" classname="level2.resizeTextArea"/>
</testsuite> <!-- level2.resizeTextArea -->
