<?xml version="1.0" encoding="UTF-8"?>
<!-- Generated by org.testng.reporters.JUnitReportReporter -->
<testsuite skipped="0" hostname="SwarnenduMuk-PC" name="level2.toolTipTest" tests="1" failures="0" timestamp="03 Apr 2018 08:55:31 GMT" time="3.216" errors="0">
  <testcase name="testTooltip" time="3.216" classname="level2.toolTipTest"/>
</testsuite> <!-- level2.toolTipTest -->
