<?xml version="1.0" encoding="UTF-8"?>
<!-- Generated by org.testng.reporters.JUnitReportReporter -->
<testsuite skipped="0" hostname="SwarnenduMuk-PC" name="level2.DragText" tests="1" failures="0" timestamp="30 Mar 2018 13:46:35 GMT" time="61.046" errors="0">
  <testcase name="dragTextTestNormal" time="61.046" classname="level2.DragText"/>
</testsuite> <!-- level2.DragText -->
