<?xml version="1.0" encoding="UTF-8"?>
<!-- Generated by org.testng.reporters.JUnitReportReporter -->
<testsuite skipped="0" hostname="SwarnenduMuk-PC" name="Practice.Suvian.in.resizeTextArea" tests="1" failures="0" timestamp="28 Mar 2018 07:15:11 GMT" time="9.722" errors="0">
  <testcase name="testResizeTextAreajs" time="9.722" classname="Practice.Suvian.in.resizeTextArea"/>
</testsuite> <!-- Practice.Suvian.in.resizeTextArea -->
