<?xml version="1.0" encoding="UTF-8"?>
<!-- Generated by org.testng.reporters.JUnitReportReporter -->
<testsuite skipped="0" hostname="SwarnenduMuk-PC" name="Practice.Suvian.in.toolTipTest" tests="1" failures="0" timestamp="27 Mar 2018 11:30:33 GMT" time="0.168" errors="0">
  <testcase name="testTooltip" time="0.168" classname="Practice.Suvian.in.toolTipTest"/>
</testsuite> <!-- Practice.Suvian.in.toolTipTest -->
