<?xml version="1.0" encoding="UTF-8"?>
<!-- Generated by org.testng.reporters.JUnitReportReporter -->
<testsuite skipped="0" hostname="SwarnenduMuk-PC" name="level2.DynamicProgressBar" tests="1" failures="0" timestamp="07 May 2018 10:46:41 GMT" time="10.215" errors="0">
  <testcase name="clickButtonAfterEnabletest" time="10.215" classname="level2.DynamicProgressBar"/>
</testsuite> <!-- level2.DynamicProgressBar -->
