<?xml version="1.0" encoding="UTF-8"?>
<!-- Generated by org.testng.reporters.JUnitReportReporter -->
<testsuite skipped="0" hostname="SwarnenduMuk-PC" name="Practice.Suvian.in.DynamicWebTable" tests="1" failures="0" timestamp="29 Mar 2018 13:39:18 GMT" time="3.091" errors="0">
  <testcase name="clickBlocktestinDynamicTable" time="3.091" classname="Practice.Suvian.in.DynamicWebTable"/>
</testsuite> <!-- Practice.Suvian.in.DynamicWebTable -->
