<?xml version="1.0" encoding="UTF-8"?>
<!-- Generated by org.testng.reporters.JUnitReportReporter -->
<testsuite skipped="0" hostname="SwarnenduMuk-PC" name="level2.ReadQuote" tests="1" failures="0" timestamp="02 Apr 2018 09:53:56 GMT" time="0.103" errors="0">
  <testcase name="readQuoteTest" time="0.103" classname="level2.ReadQuote"/>
</testsuite> <!-- level2.ReadQuote -->
