<?xml version="1.0" encoding="UTF-8"?>
<!-- Generated by org.testng.reporters.JUnitReportReporter -->
<testsuite skipped="0" hostname="SwarnenduMuk-PC" name="Practice.Suvian.in.DynamicProgressBar" tests="1" failures="0" timestamp="29 Mar 2018 13:30:38 GMT" time="10.678" errors="0">
  <testcase name="clickButtonAfterEnabletest" time="10.678" classname="Practice.Suvian.in.DynamicProgressBar"/>
</testsuite> <!-- Practice.Suvian.in.DynamicProgressBar -->
