<?xml version="1.0" encoding="UTF-8"?>
<!-- Generated by org.testng.reporters.JUnitReportReporter -->
<testsuite skipped="0" hostname="SwarnenduMuk-PC" name="level3.copy_Text_and_Paste" tests="2" failures="0" timestamp="21 May 2018 14:35:02 GMT" time="1.286" errors="0">
  <testcase name="copy_Paste" time="0.288" classname="level3.copy_Text_and_Paste"/>
  <testcase name="copy_Paste_js" time="0.998" classname="level3.copy_Text_and_Paste"/>
</testsuite> <!-- level3.copy_Text_and_Paste -->
