<?xml version="1.0" encoding="UTF-8"?>
<!-- Generated by org.testng.reporters.JUnitReportReporter -->
<testsuite skipped="0" hostname="SwarnenduMuk-PC" name="level2.resizeTextArea" tests="1" failures="0" timestamp="03 Apr 2018 08:01:19 GMT" time="9.853" errors="0">
  <testcase name="testResizeTextAreajs" time="9.853" classname="level2.resizeTextArea"/>
</testsuite> <!-- level2.resizeTextArea -->
