<?xml version="1.0" encoding="UTF-8"?>
<!-- Generated by org.testng.reporters.JUnitReportReporter -->
<testsuite skipped="0" hostname="SwarnenduMuk-PC" name="level2.chapterCount" tests="2" failures="0" timestamp="14 May 2018 13:22:25 GMT" time="0.321" errors="0">
  <testcase name="testTotalChapterCount" time="0.217" classname="level2.chapterCount"/>
  <testcase name="testTotalChapterCountinBook2" time="0.104" classname="level2.chapterCount"/>
</testsuite> <!-- level2.chapterCount -->
