<?xml version="1.0" encoding="UTF-8"?>
<!-- Generated by org.testng.reporters.JUnitReportReporter -->
<testsuite skipped="0" hostname="SwarnenduMuk-PC" name="level2.DynamicWebTable" tests="1" failures="0" timestamp="29 Mar 2018 13:43:06 GMT" time="3.091" errors="0">
  <testcase name="clickBlocktestinDynamicTable" time="3.091" classname="level2.DynamicWebTable"/>
</testsuite> <!-- level2.DynamicWebTable -->
