<?xml version="1.0" encoding="UTF-8"?>
<!-- Generated by org.testng.reporters.JUnitReportReporter -->
<testsuite skipped="0" hostname="SwarnenduMuk-PC" name="level2.DragText" tests="1" failures="0" timestamp="29 Mar 2018 14:44:25 GMT" time="177.475" errors="0">
  <testcase name="dragTextTest" time="177.475" classname="level2.DragText"/>
</testsuite> <!-- level2.DragText -->
