<?xml version="1.0" encoding="UTF-8"?>
<!-- Generated by org.testng.reporters.JUnitReportReporter -->
<testsuite skipped="0" hostname="SwarnenduMuk-PC" name="levell.Selectoptiondropdown" tests="2" failures="0" timestamp="04 Apr 2018 14:52:21 GMT" time="3.043" errors="0">
  <testcase name="testSelectOptionAndHandleWindow" time="1.857" classname="levell.Selectoptiondropdown"/>
  <testcase name="testSelectOptionAndHandleWindowUsingSet" time="1.186" classname="levell.Selectoptiondropdown"/>
</testsuite> <!-- levell.Selectoptiondropdown -->
