<?xml version="1.0" encoding="UTF-8"?>
<!-- Generated by org.testng.reporters.JUnitReportReporter -->
<testsuite skipped="0" hostname="SwarnenduMuk-PC" name="Practice.Suvian.in.chapterCount" tests="3" failures="0" timestamp="28 Mar 2018 13:31:03 GMT" time="3.326" errors="0">
  <testcase name="testTotalChapterCount" time="0.110" classname="Practice.Suvian.in.chapterCount"/>
  <testcase name="test" time="3.139" classname="Practice.Suvian.in.chapterCount"/>
  <testcase name="testTotalChapterCountinBook2" time="0.077" classname="Practice.Suvian.in.chapterCount"/>
</testsuite> <!-- Practice.Suvian.in.chapterCount -->
