<?xml version="1.0" encoding="UTF-8"?>
<!-- Generated by org.testng.reporters.JUnitReportReporter -->
<testsuite skipped="0" hostname="SwarnenduMuk-PC" name="Practice.Suvian.in.HandleRandomAlert" tests="1" failures="0" timestamp="28 Mar 2018 11:07:06 GMT" time="28.402" errors="0">
  <testcase name="testHandleRandomAlert" time="28.402" classname="Practice.Suvian.in.HandleRandomAlert"/>
</testsuite> <!-- Practice.Suvian.in.HandleRandomAlert -->
