<?xml version="1.0" encoding="UTF-8"?>
<!-- Generated by org.testng.reporters.JUnitReportReporter -->
<testsuite skipped="0" hostname="SwarnenduMuk-PC" name="level2.DragText" tests="2" failures="0" timestamp="03 Apr 2018 14:55:36 GMT" time="20.134" errors="0">
  <testcase name="dragTextTestSikuli" time="5.554" classname="level2.DragText"/>
  <testcase name="dragTextTestNormal" time="14.580" classname="level2.DragText"/>
</testsuite> <!-- level2.DragText -->
